[[1;34mINFO[m] Scanning for projects...
[[1;34mINFO[m] 
[[1;34mINFO[m] [1m----------------------< [0;36mebayTesting:ebayTesting[0;1m >-----------------------[m
[[1;34mINFO[m] [1mBuilding buildEbayTesting 0.0.1-SNAPSHOT[m
[[1;34mINFO[m] [1m--------------------------------[ jar ]---------------------------------[m
Downloading from central: https://repo.maven.apache.org/maven2/org/apache/maven/plugins/maven-clean-plugin/2.5/maven-clean-plugin-2.5.pom
Progress (1): 2.2/3.9 kBProgress (1): 3.9 kB                        Downloaded from central: https://repo.maven.apache.org/maven2/org/apache/maven/plugins/maven-clean-plugin/2.5/maven-clean-plugin-2.5.pom (3.9 kB at 2.6 kB/s)
[[1;34mINFO[m] 
[[1;34mINFO[m] [1m--- [0;32mmaven-clean-plugin:2.5:clean[m [1m(default-clean)[m @ [36mebayTesting[0;1m ---[m
Downloading from central: https://repo.maven.apache.org/maven2/org/codehaus/plexus/plexus-utils/3.0/plexus-utils-3.0.pom
Progress (1): 2.2/4.1 kBProgress (1): 4.1 kB                        Downloaded from central: https://repo.maven.apache.org/maven2/org/codehaus/plexus/plexus-utils/3.0/plexus-utils-3.0.pom (4.1 kB at 21 kB/s)
Downloading from central: https://repo.maven.apache.org/maven2/org/sonatype/spice/spice-parent/16/spice-parent-16.pom
Progress (1): 2.2/8.4 kBProgress (1): 5.0/8.4 kBProgress (1): 7.8/8.4 kBProgress (1): 8.4 kB                        Downloaded from central: https://repo.maven.apache.org/maven2/org/sonatype/spice/spice-parent/16/spice-parent-16.pom (8.4 kB at 40 kB/s)
Downloading from central: https://repo.maven.apache.org/maven2/org/sonatype/forge/forge-parent/5/forge-parent-5.pom
Progress (1): 2.2/8.4 kBProgress (1): 5.0/8.4 kBProgress (1): 7.8/8.4 kBProgress (1): 8.4 kB                        Downloaded from central: https://repo.maven.apache.org/maven2/org/sonatype/forge/forge-parent/5/forge-parent-5.pom (8.4 kB at 40 kB/s)
Downloading from central: https://repo.maven.apache.org/maven2/org/codehaus/plexus/plexus-utils/3.0/plexus-utils-3.0.jar
Progress (1): 2.2/226 kBProgress (1): 5.0/226 kBProgress (1): 7.7/226 kBProgress (1): 10/226 kB Progress (1): 13/226 kBProgress (1): 16/226 kBProgress (1): 19/226 kBProgress (1): 21/226 kBProgress (1): 24/226 kBProgress (1): 27/226 kBProgress (1): 30/226 kBProgress (1): 32/226 kBProgress (1): 36/226 kBProgress (1): 40/226 kBProgress (1): 45/226 kBProgress (1): 49/226 kBProgress (1): 53/226 kBProgress (1): 57/226 kBProgress (1): 61/226 kBProgress (1): 65/226 kBProgress (1): 69/226 kBProgress (1): 73/226 kBProgress (1): 77/226 kBProgress (1): 81/226 kBProgress (1): 85/226 kBProgress (1): 90/226 kBProgress (1): 94/226 kBProgress (1): 98/226 kBProgress (1): 102/226 kBProgress (1): 106/226 kBProgress (1): 110/226 kBProgress (1): 114/226 kBProgress (1): 118/226 kBProgress (1): 122/226 kBProgress (1): 126/226 kBProgress (1): 131/226 kBProgress (1): 135/226 kBProgress (1): 139/226 kBProgress (1): 143/226 kBProgress (1): 147/226 kBProgress (1): 151/226 kBProgress (1): 155/226 kBProgress (1): 159/226 kBProgress (1): 163/226 kBProgress (1): 167/226 kBProgress (1): 171/226 kBProgress (1): 176/226 kBProgress (1): 180/226 kBProgress (1): 184/226 kBProgress (1): 188/226 kBProgress (1): 192/226 kBProgress (1): 196/226 kBProgress (1): 200/226 kBProgress (1): 204/226 kBProgress (1): 208/226 kBProgress (1): 212/226 kBProgress (1): 217/226 kBProgress (1): 221/226 kBProgress (1): 225/226 kBProgress (1): 226 kB                        Downloaded from central: https://repo.maven.apache.org/maven2/org/codehaus/plexus/plexus-utils/3.0/plexus-utils-3.0.jar (226 kB at 308 kB/s)
[[1;34mINFO[m] Deleting /media/andreamontes/DATA/Personal/AplicacionBelatrix/target
[[1;34mINFO[m] 
[[1;34mINFO[m] [1m--- [0;32mmaven-resources-plugin:2.6:resources[m [1m(default-resources)[m @ [36mebayTesting[0;1m ---[m
[[1;33mWARNING[m] Using platform encoding (UTF-8 actually) to copy filtered resources, i.e. build is platform dependent!
[[1;34mINFO[m] skip non existing resourceDirectory /media/andreamontes/DATA/Personal/AplicacionBelatrix/src/main/resources
[[1;34mINFO[m] 
[[1;34mINFO[m] [1m--- [0;32mmaven-compiler-plugin:3.8.0:compile[m [1m(default-compile)[m @ [36mebayTesting[0;1m ---[m
[[1;34mINFO[m] Nothing to compile - all classes are up to date
[[1;34mINFO[m] 
[[1;34mINFO[m] [1m--- [0;32mmaven-resources-plugin:2.6:testResources[m [1m(default-testResources)[m @ [36mebayTesting[0;1m ---[m
[[1;33mWARNING[m] Using platform encoding (UTF-8 actually) to copy filtered resources, i.e. build is platform dependent!
[[1;34mINFO[m] skip non existing resourceDirectory /media/andreamontes/DATA/Personal/AplicacionBelatrix/src/test/resources
[[1;34mINFO[m] 
[[1;34mINFO[m] [1m--- [0;32mmaven-compiler-plugin:3.8.0:testCompile[m [1m(default-testCompile)[m @ [36mebayTesting[0;1m ---[m
[[1;34mINFO[m] Changes detected - recompiling the module!
[[1;33mWARNING[m] File encoding has not been set, using platform encoding UTF-8, i.e. build is platform dependent!
[[1;34mINFO[m] Compiling 2 source files to /media/andreamontes/DATA/Personal/AplicacionBelatrix/target/test-classes
[[1;34mINFO[m] -------------------------------------------------------------
[[1;31mERROR[m] COMPILATION ERROR : 
[[1;34mINFO[m] -------------------------------------------------------------
[[1;31mERROR[m] /media/andreamontes/DATA/Personal/AplicacionBelatrix/test/ebayTesting/TestCustomEbay.java:[6,17] package org.junit does not exist
[[1;31mERROR[m] /media/andreamontes/DATA/Personal/AplicacionBelatrix/test/ebayTesting/TestCustomEbay.java:[7,17] package org.junit does not exist
[[1;31mERROR[m] /media/andreamontes/DATA/Personal/AplicacionBelatrix/test/ebayTesting/TestCustomEbay.java:[8,17] package org.junit does not exist
[[1;31mERROR[m] /media/andreamontes/DATA/Personal/AplicacionBelatrix/test/ebayTesting/TestCustomEbay.java:[9,17] package org.junit does not exist
[[1;31mERROR[m] /media/andreamontes/DATA/Personal/AplicacionBelatrix/test/ebayTesting/TestCustomEbay.java:[10,17] package org.junit does not exist
[[1;31mERROR[m] /media/andreamontes/DATA/Personal/AplicacionBelatrix/test/ebayTesting/TestCustomEbay.java:[11,24] package org.junit does not exist
[[1;31mERROR[m] /media/andreamontes/DATA/Personal/AplicacionBelatrix/test/ebayTesting/TestCustomEbay.java:[12,27] package org.openqa.selenium does not exist
[[1;31mERROR[m] /media/andreamontes/DATA/Personal/AplicacionBelatrix/test/ebayTesting/TestCustomEbay.java:[13,35] package org.openqa.selenium.firefox does not exist
[[1;31mERROR[m] /media/andreamontes/DATA/Personal/AplicacionBelatrix/test/ebayTesting/TestCustomEbay.java:[14,35] package org.openqa.selenium.firefox does not exist
[[1;31mERROR[m] /media/andreamontes/DATA/Personal/AplicacionBelatrix/test/ebayTesting/TestCustomEbay.java:[25,19] cannot find symbol
  symbol:   class WebDriver
  location: class ebayTesting.TestCustomEbay
[[1;31mERROR[m] /media/andreamontes/DATA/Personal/AplicacionBelatrix/test/ebayTesting/TestEbay.java:[3,17] package org.junit does not exist
[[1;31mERROR[m] /media/andreamontes/DATA/Personal/AplicacionBelatrix/test/ebayTesting/TestEbay.java:[4,17] package org.junit does not exist
[[1;31mERROR[m] /media/andreamontes/DATA/Personal/AplicacionBelatrix/test/ebayTesting/TestEbay.java:[5,17] package org.junit does not exist
[[1;31mERROR[m] /media/andreamontes/DATA/Personal/AplicacionBelatrix/test/ebayTesting/TestEbay.java:[6,17] package org.junit does not exist
[[1;31mERROR[m] /media/andreamontes/DATA/Personal/AplicacionBelatrix/test/ebayTesting/TestEbay.java:[7,17] package org.junit does not exist
[[1;31mERROR[m] /media/andreamontes/DATA/Personal/AplicacionBelatrix/test/ebayTesting/TestEbay.java:[9,23] package junit.framework does not exist
[[1;31mERROR[m] /media/andreamontes/DATA/Personal/AplicacionBelatrix/test/ebayTesting/TestEbay.java:[11,31] cannot find symbol
  symbol: class TestCase
[[1;31mERROR[m] /media/andreamontes/DATA/Personal/AplicacionBelatrix/test/ebayTesting/TestCustomEbay.java:[27,10] cannot find symbol
  symbol:   class BeforeClass
  location: class ebayTesting.TestCustomEbay
[[1;31mERROR[m] /media/andreamontes/DATA/Personal/AplicacionBelatrix/test/ebayTesting/TestCustomEbay.java:[31,10] cannot find symbol
  symbol:   class AfterClass
  location: class ebayTesting.TestCustomEbay
[[1;31mERROR[m] /media/andreamontes/DATA/Personal/AplicacionBelatrix/test/ebayTesting/TestCustomEbay.java:[35,10] cannot find symbol
  symbol:   class Before
  location: class ebayTesting.TestCustomEbay
[[1;31mERROR[m] /media/andreamontes/DATA/Personal/AplicacionBelatrix/test/ebayTesting/TestCustomEbay.java:[44,10] cannot find symbol
  symbol:   class Test
  location: class ebayTesting.TestCustomEbay
[[1;31mERROR[m] /media/andreamontes/DATA/Personal/AplicacionBelatrix/test/ebayTesting/TestCustomEbay.java:[54,10] cannot find symbol
  symbol:   class After
  location: class ebayTesting.TestCustomEbay
[[1;31mERROR[m] /media/andreamontes/DATA/Personal/AplicacionBelatrix/test/ebayTesting/TestEbay.java:[13,10] cannot find symbol
  symbol:   class BeforeClass
  location: class ebayTesting.TestEbay
[[1;31mERROR[m] /media/andreamontes/DATA/Personal/AplicacionBelatrix/test/ebayTesting/TestEbay.java:[17,10] cannot find symbol
  symbol:   class AfterClass
  location: class ebayTesting.TestEbay
[[1;31mERROR[m] /media/andreamontes/DATA/Personal/AplicacionBelatrix/test/ebayTesting/TestEbay.java:[21,10] cannot find symbol
  symbol:   class Before
  location: class ebayTesting.TestEbay
[[1;31mERROR[m] /media/andreamontes/DATA/Personal/AplicacionBelatrix/test/ebayTesting/TestEbay.java:[26,10] cannot find symbol
  symbol:   class After
  location: class ebayTesting.TestEbay
[[1;31mERROR[m] /media/andreamontes/DATA/Personal/AplicacionBelatrix/test/ebayTesting/TestEbay.java:[31,10] cannot find symbol
  symbol:   class Test
  location: class ebayTesting.TestEbay
[[1;31mERROR[m] /media/andreamontes/DATA/Personal/AplicacionBelatrix/test/ebayTesting/TestCustomEbay.java:[38,17] cannot find symbol
  symbol:   class FirefoxOptions
  location: class ebayTesting.TestCustomEbay
[[1;31mERROR[m] /media/andreamontes/DATA/Personal/AplicacionBelatrix/test/ebayTesting/TestCustomEbay.java:[38,51] cannot find symbol
  symbol:   class FirefoxOptions
  location: class ebayTesting.TestCustomEbay
[[1;31mERROR[m] /media/andreamontes/DATA/Personal/AplicacionBelatrix/test/ebayTesting/TestCustomEbay.java:[40,30] cannot find symbol
  symbol:   class FirefoxDriver
  location: class ebayTesting.TestCustomEbay
[[1;31mERROR[m] /media/andreamontes/DATA/Personal/AplicacionBelatrix/test/ebayTesting/TestCustomEbay.java:[50,18] cannot find symbol
  symbol:   method assertEquals(java.lang.String,java.lang.String)
  location: class ebayTesting.TestCustomEbay
[[1;31mERROR[m] /media/andreamontes/DATA/Personal/AplicacionBelatrix/test/ebayTesting/TestEbay.java:[23,17] cannot find symbol
  symbol:   variable super
  location: class ebayTesting.TestEbay
[[1;31mERROR[m] /media/andreamontes/DATA/Personal/AplicacionBelatrix/test/ebayTesting/TestEbay.java:[28,17] cannot find symbol
  symbol:   variable super
  location: class ebayTesting.TestEbay
[[1;31mERROR[m] /media/andreamontes/DATA/Personal/AplicacionBelatrix/test/ebayTesting/TestEbay.java:[33,17] cannot find symbol
  symbol:   method fail(java.lang.String)
  location: class ebayTesting.TestEbay
[[1;34mINFO[m] 34 errors 
[[1;34mINFO[m] -------------------------------------------------------------
[[1;34mINFO[m] [1m------------------------------------------------------------------------[m
[[1;34mINFO[m] [1;31mBUILD FAILURE[m
[[1;34mINFO[m] [1m------------------------------------------------------------------------[m
[[1;34mINFO[m] Total time:  4.606 s
[[1;34mINFO[m] Finished at: 2019-08-13T11:33:01-05:00
[[1;34mINFO[m] [1m------------------------------------------------------------------------[m
[[1;31mERROR[m] Failed to execute goal [32morg.apache.maven.plugins:maven-compiler-plugin:3.8.0:testCompile[m [1m(default-testCompile)[m on project [36mebayTesting[m: [1;31mCompilation failure[m: Compilation failure: 
[[1;31mERROR[m] /media/andreamontes/DATA/Personal/AplicacionBelatrix/test/ebayTesting/TestCustomEbay.java:[6,17] package org.junit does not exist
[[1;31mERROR[m] /media/andreamontes/DATA/Personal/AplicacionBelatrix/test/ebayTesting/TestCustomEbay.java:[7,17] package org.junit does not exist
[[1;31mERROR[m] /media/andreamontes/DATA/Personal/AplicacionBelatrix/test/ebayTesting/TestCustomEbay.java:[8,17] package org.junit does not exist
[[1;31mERROR[m] /media/andreamontes/DATA/Personal/AplicacionBelatrix/test/ebayTesting/TestCustomEbay.java:[9,17] package org.junit does not exist
[[1;31mERROR[m] /media/andreamontes/DATA/Personal/AplicacionBelatrix/test/ebayTesting/TestCustomEbay.java:[10,17] package org.junit does not exist
[[1;31mERROR[m] /media/andreamontes/DATA/Personal/AplicacionBelatrix/test/ebayTesting/TestCustomEbay.java:[11,24] package org.junit does not exist
[[1;31mERROR[m] /media/andreamontes/DATA/Personal/AplicacionBelatrix/test/ebayTesting/TestCustomEbay.java:[12,27] package org.openqa.selenium does not exist
[[1;31mERROR[m] /media/andreamontes/DATA/Personal/AplicacionBelatrix/test/ebayTesting/TestCustomEbay.java:[13,35] package org.openqa.selenium.firefox does not exist
[[1;31mERROR[m] /media/andreamontes/DATA/Personal/AplicacionBelatrix/test/ebayTesting/TestCustomEbay.java:[14,35] package org.openqa.selenium.firefox does not exist
[[1;31mERROR[m] /media/andreamontes/DATA/Personal/AplicacionBelatrix/test/ebayTesting/TestCustomEbay.java:[25,19] cannot find symbol
[[1;31mERROR[m]   symbol:   class WebDriver
[[1;31mERROR[m]   location: class ebayTesting.TestCustomEbay
[[1;31mERROR[m] /media/andreamontes/DATA/Personal/AplicacionBelatrix/test/ebayTesting/TestEbay.java:[3,17] package org.junit does not exist
[[1;31mERROR[m] /media/andreamontes/DATA/Personal/AplicacionBelatrix/test/ebayTesting/TestEbay.java:[4,17] package org.junit does not exist
[[1;31mERROR[m] /media/andreamontes/DATA/Personal/AplicacionBelatrix/test/ebayTesting/TestEbay.java:[5,17] package org.junit does not exist
[[1;31mERROR[m] /media/andreamontes/DATA/Personal/AplicacionBelatrix/test/ebayTesting/TestEbay.java:[6,17] package org.junit does not exist
[[1;31mERROR[m] /media/andreamontes/DATA/Personal/AplicacionBelatrix/test/ebayTesting/TestEbay.java:[7,17] package org.junit does not exist
[[1;31mERROR[m] /media/andreamontes/DATA/Personal/AplicacionBelatrix/test/ebayTesting/TestEbay.java:[9,23] package junit.framework does not exist
[[1;31mERROR[m] /media/andreamontes/DATA/Personal/AplicacionBelatrix/test/ebayTesting/TestEbay.java:[11,31] cannot find symbol
[[1;31mERROR[m]   symbol: class TestCase
[[1;31mERROR[m] /media/andreamontes/DATA/Personal/AplicacionBelatrix/test/ebayTesting/TestCustomEbay.java:[27,10] cannot find symbol
[[1;31mERROR[m]   symbol:   class BeforeClass
[[1;31mERROR[m]   location: class ebayTesting.TestCustomEbay
[[1;31mERROR[m] /media/andreamontes/DATA/Personal/AplicacionBelatrix/test/ebayTesting/TestCustomEbay.java:[31,10] cannot find symbol
[[1;31mERROR[m]   symbol:   class AfterClass
[[1;31mERROR[m]   location: class ebayTesting.TestCustomEbay
[[1;31mERROR[m] /media/andreamontes/DATA/Personal/AplicacionBelatrix/test/ebayTesting/TestCustomEbay.java:[35,10] cannot find symbol
[[1;31mERROR[m]   symbol:   class Before
[[1;31mERROR[m]   location: class ebayTesting.TestCustomEbay
[[1;31mERROR[m] /media/andreamontes/DATA/Personal/AplicacionBelatrix/test/ebayTesting/TestCustomEbay.java:[44,10] cannot find symbol
[[1;31mERROR[m]   symbol:   class Test
[[1;31mERROR[m]   location: class ebayTesting.TestCustomEbay
[[1;31mERROR[m] /media/andreamontes/DATA/Personal/AplicacionBelatrix/test/ebayTesting/TestCustomEbay.java:[54,10] cannot find symbol
[[1;31mERROR[m]   symbol:   class After
[[1;31mERROR[m]   location: class ebayTesting.TestCustomEbay
[[1;31mERROR[m] /media/andreamontes/DATA/Personal/AplicacionBelatrix/test/ebayTesting/TestEbay.java:[13,10] cannot find symbol
[[1;31mERROR[m]   symbol:   class BeforeClass
[[1;31mERROR[m]   location: class ebayTesting.TestEbay
[[1;31mERROR[m] /media/andreamontes/DATA/Personal/AplicacionBelatrix/test/ebayTesting/TestEbay.java:[17,10] cannot find symbol
[[1;31mERROR[m]   symbol:   class AfterClass
[[1;31mERROR[m]   location: class ebayTesting.TestEbay
[[1;31mERROR[m] /media/andreamontes/DATA/Personal/AplicacionBelatrix/test/ebayTesting/TestEbay.java:[21,10] cannot find symbol
[[1;31mERROR[m]   symbol:   class Before
[[1;31mERROR[m]   location: class ebayTesting.TestEbay
[[1;31mERROR[m] /media/andreamontes/DATA/Personal/AplicacionBelatrix/test/ebayTesting/TestEbay.java:[26,10] cannot find symbol
[[1;31mERROR[m]   symbol:   class After
[[1;31mERROR[m]   location: class ebayTesting.TestEbay
[[1;31mERROR[m] /media/andreamontes/DATA/Personal/AplicacionBelatrix/test/ebayTesting/TestEbay.java:[31,10] cannot find symbol
[[1;31mERROR[m]   symbol:   class Test
[[1;31mERROR[m]   location: class ebayTesting.TestEbay
[[1;31mERROR[m] /media/andreamontes/DATA/Personal/AplicacionBelatrix/test/ebayTesting/TestCustomEbay.java:[38,17] cannot find symbol
[[1;31mERROR[m]   symbol:   class FirefoxOptions
[[1;31mERROR[m]   location: class ebayTesting.TestCustomEbay
[[1;31mERROR[m] /media/andreamontes/DATA/Personal/AplicacionBelatrix/test/ebayTesting/TestCustomEbay.java:[38,51] cannot find symbol
[[1;31mERROR[m]   symbol:   class FirefoxOptions
[[1;31mERROR[m]   location: class ebayTesting.TestCustomEbay
[[1;31mERROR[m] /media/andreamontes/DATA/Personal/AplicacionBelatrix/test/ebayTesting/TestCustomEbay.java:[40,30] cannot find symbol
[[1;31mERROR[m]   symbol:   class FirefoxDriver
[[1;31mERROR[m]   location: class ebayTesting.TestCustomEbay
[[1;31mERROR[m] /media/andreamontes/DATA/Personal/AplicacionBelatrix/test/ebayTesting/TestCustomEbay.java:[50,18] cannot find symbol
[[1;31mERROR[m]   symbol:   method assertEquals(java.lang.String,java.lang.String)
[[1;31mERROR[m]   location: class ebayTesting.TestCustomEbay
[[1;31mERROR[m] /media/andreamontes/DATA/Personal/AplicacionBelatrix/test/ebayTesting/TestEbay.java:[23,17] cannot find symbol
[[1;31mERROR[m]   symbol:   variable super
[[1;31mERROR[m]   location: class ebayTesting.TestEbay
[[1;31mERROR[m] /media/andreamontes/DATA/Personal/AplicacionBelatrix/test/ebayTesting/TestEbay.java:[28,17] cannot find symbol
[[1;31mERROR[m]   symbol:   variable super
[[1;31mERROR[m]   location: class ebayTesting.TestEbay
[[1;31mERROR[m] /media/andreamontes/DATA/Personal/AplicacionBelatrix/test/ebayTesting/TestEbay.java:[33,17] cannot find symbol
[[1;31mERROR[m]   symbol:   method fail(java.lang.String)
[[1;31mERROR[m]   location: class ebayTesting.TestEbay
[[1;31mERROR[m] -> [1m[Help 1][m
[[1;31mERROR[m] 
[[1;31mERROR[m] To see the full stack trace of the errors, re-run Maven with the [1m-e[m switch.
[[1;31mERROR[m] Re-run Maven using the [1m-X[m switch to enable full debug logging.
[[1;31mERROR[m] 
[[1;31mERROR[m] For more information about the errors and possible solutions, please read the following articles:
[[1;31mERROR[m] [1m[Help 1][m http://cwiki.apache.org/confluence/display/MAVEN/MojoFailureException
